{"/home/beatriz/Documentos/atm/src/atm.ts": {"path":"/home/beatriz/Documentos/atm/src/atm.ts","statementMap":{"0":{"start":{"line":6,"column":8},"end":{"line":6,"column":null}},"1":{"start":{"line":6,"column":42},"end":{"line":6,"column":47}},"2":{"start":{"line":7,"column":8},"end":{"line":7,"column":null}},"3":{"start":{"line":11,"column":26},"end":{"line":11,"column":41}},"4":{"start":{"line":12,"column":33},"end":{"line":12,"column":55}},"5":{"start":{"line":13,"column":33},"end":{"line":13,"column":69}},"6":{"start":{"line":14,"column":29},"end":{"line":14,"column":101}},"7":{"start":{"line":15,"column":47},"end":{"line":18,"column":null}},"8":{"start":{"line":19,"column":8},"end":{"line":19,"column":null}},"9":{"start":{"line":23,"column":33},"end":{"line":23,"column":35}},"10":{"start":{"line":24,"column":30},"end":{"line":24,"column":59}},"11":{"start":{"line":25,"column":8},"end":{"line":38,"column":null}},"12":{"start":{"line":26,"column":12},"end":{"line":35,"column":null}},"13":{"start":{"line":26,"column":25},"end":{"line":26,"column":33}},"14":{"start":{"line":27,"column":16},"end":{"line":34,"column":null}},"15":{"start":{"line":28,"column":51},"end":{"line":28,"column":65}},"16":{"start":{"line":29,"column":20},"end":{"line":29,"column":null}},"17":{"start":{"line":30,"column":36},"end":{"line":30,"column":92}},"18":{"start":{"line":31,"column":20},"end":{"line":33,"column":null}},"19":{"start":{"line":32,"column":24},"end":{"line":32,"column":null}},"20":{"start":{"line":36,"column":15},"end":{"line":38,"column":null}},"21":{"start":{"line":37,"column":12},"end":{"line":37,"column":null}},"22":{"start":{"line":39,"column":8},"end":{"line":39,"column":null}},"23":{"start":{"line":43,"column":18},"end":{"line":43,"column":19}},"24":{"start":{"line":44,"column":8},"end":{"line":46,"column":null}},"25":{"start":{"line":44,"column":21},"end":{"line":44,"column":22}},"26":{"start":{"line":45,"column":12},"end":{"line":45,"column":null}},"27":{"start":{"line":47,"column":8},"end":{"line":47,"column":null}},"28":{"start":{"line":51,"column":28},"end":{"line":51,"column":48}},"29":{"start":{"line":52,"column":8},"end":{"line":54,"column":null}},"30":{"start":{"line":52,"column":21},"end":{"line":52,"column":22}},"31":{"start":{"line":53,"column":12},"end":{"line":53,"column":null}},"32":{"start":{"line":55,"column":8},"end":{"line":55,"column":null}},"33":{"start":{"line":1,"column":0},"end":{"line":1,"column":13}}},"fnMap":{"0":{"name":"(anonymous_0)","decl":{"start":{"line":5,"column":4},"end":{"line":5,"column":16}},"loc":{"start":{"line":5,"column":55},"end":{"line":8,"column":5}}},"1":{"name":"(anonymous_1)","decl":{"start":{"line":6,"column":32},"end":{"line":6,"column":33}},"loc":{"start":{"line":6,"column":42},"end":{"line":6,"column":47}}},"2":{"name":"(anonymous_2)","decl":{"start":{"line":10,"column":11},"end":{"line":10,"column":28}},"loc":{"start":{"line":10,"column":44},"end":{"line":20,"column":5}}},"3":{"name":"(anonymous_3)","decl":{"start":{"line":22,"column":11},"end":{"line":22,"column":17}},"loc":{"start":{"line":22,"column":120},"end":{"line":40,"column":5}}},"4":{"name":"(anonymous_4)","decl":{"start":{"line":42,"column":11},"end":{"line":42,"column":17}},"loc":{"start":{"line":42,"column":62},"end":{"line":48,"column":5}}},"5":{"name":"(anonymous_5)","decl":{"start":{"line":50,"column":11},"end":{"line":50,"column":17}},"loc":{"start":{"line":50,"column":38},"end":{"line":56,"column":5}}}},"branchMap":{"0":{"loc":{"start":{"line":25,"column":8},"end":{"line":38,"column":null}},"type":"if","locations":[{"start":{"line":25,"column":8},"end":{"line":38,"column":null}},{"start":{"line":25,"column":8},"end":{"line":38,"column":null}}]},"1":{"loc":{"start":{"line":27,"column":16},"end":{"line":34,"column":null}},"type":"if","locations":[{"start":{"line":27,"column":16},"end":{"line":34,"column":null}},{"start":{"line":27,"column":16},"end":{"line":34,"column":null}}]},"2":{"loc":{"start":{"line":31,"column":20},"end":{"line":33,"column":null}},"type":"if","locations":[{"start":{"line":31,"column":20},"end":{"line":33,"column":null}},{"start":{"line":31,"column":20},"end":{"line":33,"column":null}}]},"3":{"loc":{"start":{"line":36,"column":15},"end":{"line":38,"column":null}},"type":"if","locations":[{"start":{"line":36,"column":15},"end":{"line":38,"column":null}},{"start":{"line":36,"column":15},"end":{"line":38,"column":null}}]}},"s":{"0":1,"1":3,"2":1,"3":1,"4":1,"5":1,"6":1,"7":1,"8":1,"9":1388,"10":1388,"11":1388,"12":1264,"13":1264,"14":1458,"15":1386,"16":1386,"17":1386,"18":1386,"19":1386,"20":124,"21":114,"22":1388,"23":1388,"24":1388,"25":1388,"26":5552,"27":1388,"28":114,"29":114,"30":114,"31":456,"32":114,"33":1},"f":{"0":1,"1":3,"2":1,"3":1388,"4":1388,"5":114},"b":{"0":[1264,124],"1":[1386,72],"2":[1386,0],"3":[114,10]}}
}
