TN:
SF:src/atm.ts
FN:5,(anonymous_0)
FN:6,(anonymous_1)
FN:10,(anonymous_2)
FN:22,(anonymous_3)
FN:42,(anonymous_4)
FN:50,(anonymous_5)
FNF:6
FNH:6
FNDA:1,(anonymous_0)
FNDA:3,(anonymous_1)
FNDA:1,(anonymous_2)
FNDA:1388,(anonymous_3)
FNDA:1388,(anonymous_4)
FNDA:114,(anonymous_5)
DA:1,1
DA:6,3
DA:7,1
DA:11,1
DA:12,1
DA:13,1
DA:14,1
DA:15,1
DA:19,1
DA:23,1388
DA:24,1388
DA:25,1388
DA:26,1264
DA:27,1458
DA:28,1386
DA:29,1386
DA:30,1386
DA:31,1386
DA:32,1386
DA:36,124
DA:37,114
DA:39,1388
DA:43,1388
DA:44,1388
DA:45,5552
DA:47,1388
DA:51,114
DA:52,114
DA:53,456
DA:55,114
LF:30
LH:30
BRDA:25,0,0,1264
BRDA:25,0,1,124
BRDA:27,1,0,1386
BRDA:27,1,1,72
BRDA:31,2,0,1386
BRDA:31,2,1,0
BRDA:36,3,0,114
BRDA:36,3,1,10
BRF:8
BRH:7
end_of_record
